<?xml version="1.0" encoding="UTF-8"?>
<testsuite xmlns:xsi="http://www.w3.org/2001/XMLSchema-instance" xsi:noNamespaceSchemaLocation="https://maven.apache.org/surefire/maven-surefire-plugin/xsd/surefire-test-report-3.0.xsd" version="3.0" name="com.example.Demo.DemoBackendApplicationTests" time="17.351" tests="1" errors="0" skipped="0" failures="0">
  <properties>
    <property name="java.specification.version" value="17"/>
    <property name="sun.jnu.encoding" value="UTF-8"/>
    <property name="java.class.path" value="/home/nareash/Desktop/Azure_WebApp/backend/target/test-classes:/home/nareash/Desktop/Azure_WebApp/backend/target/classes:/home/nareash/.m2/repository/org/springframework/boot/spring-boot-starter-data-jpa/3.1.7-SNAPSHOT/spring-boot-starter-data-jpa-3.1.7-SNAPSHOT.jar:/home/nareash/.m2/repository/org/springframework/boot/spring-boot-starter-aop/3.1.7-SNAPSHOT/spring-boot-starter-aop-3.1.7-SNAPSHOT.jar:/home/nareash/.m2/repository/org/aspectj/aspectjweaver/1.9.21/aspectjweaver-1.9.21.jar:/home/nareash/.m2/repository/org/springframework/boot/spring-boot-starter-jdbc/3.1.7-SNAPSHOT/spring-boot-starter-jdbc-3.1.7-SNAPSHOT.jar:/home/nareash/.m2/repository/com/zaxxer/HikariCP/5.0.1/HikariCP-5.0.1.jar:/home/nareash/.m2/repository/org/springframework/spring-jdbc/6.0.15/spring-jdbc-6.0.15.jar:/home/nareash/.m2/repository/org/hibernate/orm/hibernate-core/6.2.15.Final/hibernate-core-6.2.15.Final.jar:/home/nareash/.m2/repository/jakarta/persistence/jakarta.persistence-api/3.1.0/jakarta.persistence-api-3.1.0.jar:/home/nareash/.m2/repository/jakarta/transaction/jakarta.transaction-api/2.0.1/jakarta.transaction-api-2.0.1.jar:/home/nareash/.m2/repository/org/jboss/logging/jboss-logging/3.5.3.Final/jboss-logging-3.5.3.Final.jar:/home/nareash/.m2/repository/org/hibernate/common/hibernate-commons-annotations/6.0.6.Final/hibernate-commons-annotations-6.0.6.Final.jar:/home/nareash/.m2/repository/io/smallrye/jandex/3.0.5/jandex-3.0.5.jar:/home/nareash/.m2/repository/com/fasterxml/classmate/1.5.1/classmate-1.5.1.jar:/home/nareash/.m2/repository/net/bytebuddy/byte-buddy/1.14.10/byte-buddy-1.14.10.jar:/home/nareash/.m2/repository/org/glassfish/jaxb/jaxb-runtime/4.0.4/jaxb-runtime-4.0.4.jar:/home/nareash/.m2/repository/org/glassfish/jaxb/jaxb-core/4.0.4/jaxb-core-4.0.4.jar:/home/nareash/.m2/repository/org/eclipse/angus/angus-activation/2.0.1/angus-activation-2.0.1.jar:/home/nareash/.m2/repository/org/glassfish/jaxb/txw2/4.0.4/txw2-4.0.4.jar:/home/nareash/.m2/repository/com/sun/istack/istack-commons-runtime/4.1.2/istack-commons-runtime-4.1.2.jar:/home/nareash/.m2/repository/jakarta/inject/jakarta.inject-api/2.0.1/jakarta.inject-api-2.0.1.jar:/home/nareash/.m2/repository/org/antlr/antlr4-runtime/4.10.1/antlr4-runtime-4.10.1.jar:/home/nareash/.m2/repository/org/springframework/data/spring-data-jpa/3.1.7/spring-data-jpa-3.1.7.jar:/home/nareash/.m2/repository/org/springframework/data/spring-data-commons/3.1.7/spring-data-commons-3.1.7.jar:/home/nareash/.m2/repository/org/springframework/spring-orm/6.0.15/spring-orm-6.0.15.jar:/home/nareash/.m2/repository/org/springframework/spring-context/6.0.15/spring-context-6.0.15.jar:/home/nareash/.m2/repository/org/springframework/spring-tx/6.0.15/spring-tx-6.0.15.jar:/home/nareash/.m2/repository/org/springframework/spring-beans/6.0.15/spring-beans-6.0.15.jar:/home/nareash/.m2/repository/org/slf4j/slf4j-api/2.0.9/slf4j-api-2.0.9.jar:/home/nareash/.m2/repository/org/springframework/spring-aspects/6.0.15/spring-aspects-6.0.15.jar:/home/nareash/.m2/repository/org/springframework/boot/spring-boot-starter-web/3.1.7-SNAPSHOT/spring-boot-starter-web-3.1.7-SNAPSHOT.jar:/home/nareash/.m2/repository/org/springframework/boot/spring-boot-starter-json/3.1.7-SNAPSHOT/spring-boot-starter-json-3.1.7-SNAPSHOT.jar:/home/nareash/.m2/repository/com/fasterxml/jackson/datatype/jackson-datatype-jdk8/2.15.3/jackson-datatype-jdk8-2.15.3.jar:/home/nareash/.m2/repository/com/fasterxml/jackson/datatype/jackson-datatype-jsr310/2.15.3/jackson-datatype-jsr310-2.15.3.jar:/home/nareash/.m2/repository/com/fasterxml/jackson/module/jackson-module-parameter-names/2.15.3/jackson-module-parameter-names-2.15.3.jar:/home/nareash/.m2/repository/org/springframework/boot/spring-boot-starter-tomcat/3.1.7-SNAPSHOT/spring-boot-starter-tomcat-3.1.7-SNAPSHOT.jar:/home/nareash/.m2/repository/org/apache/tomcat/embed/tomcat-embed-core/10.1.17/tomcat-embed-core-10.1.17.jar:/home/nareash/.m2/repository/org/apache/tomcat/embed/tomcat-embed-el/10.1.17/tomcat-embed-el-10.1.17.jar:/home/nareash/.m2/repository/org/apache/tomcat/embed/tomcat-embed-websocket/10.1.17/tomcat-embed-websocket-10.1.17.jar:/home/nareash/.m2/repository/org/springframework/spring-web/6.0.15/spring-web-6.0.15.jar:/home/nareash/.m2/repository/io/micrometer/micrometer-observation/1.11.7/micrometer-observation-1.11.7.jar:/home/nareash/.m2/repository/io/micrometer/micrometer-commons/1.11.7/micrometer-commons-1.11.7.jar:/home/nareash/.m2/repository/org/springframework/spring-webmvc/6.0.15/spring-webmvc-6.0.15.jar:/home/nareash/.m2/repository/org/springframework/spring-expression/6.0.15/spring-expression-6.0.15.jar:/home/nareash/.m2/repository/org/springframework/boot/spring-boot-starter-security/3.1.7-SNAPSHOT/spring-boot-starter-security-3.1.7-SNAPSHOT.jar:/home/nareash/.m2/repository/org/springframework/spring-aop/6.0.15/spring-aop-6.0.15.jar:/home/nareash/.m2/repository/org/springframework/security/spring-security-config/6.1.6/spring-security-config-6.1.6.jar:/home/nareash/.m2/repository/org/springframework/security/spring-security-web/6.1.6/spring-security-web-6.1.6.jar:/home/nareash/.m2/repository/org/springframework/boot/spring-boot-starter/3.1.7-SNAPSHOT/spring-boot-starter-3.1.7-SNAPSHOT.jar:/home/nareash/.m2/repository/org/springframework/boot/spring-boot/3.1.7-SNAPSHOT/spring-boot-3.1.7-SNAPSHOT.jar:/home/nareash/.m2/repository/org/springframework/boot/spring-boot-autoconfigure/3.1.7-SNAPSHOT/spring-boot-autoconfigure-3.1.7-SNAPSHOT.jar:/home/nareash/.m2/repository/org/springframework/boot/spring-boot-starter-logging/3.1.7-SNAPSHOT/spring-boot-starter-logging-3.1.7-SNAPSHOT.jar:/home/nareash/.m2/repository/ch/qos/logback/logback-classic/1.4.14/logback-classic-1.4.14.jar:/home/nareash/.m2/repository/ch/qos/logback/logback-core/1.4.14/logback-core-1.4.14.jar:/home/nareash/.m2/repository/org/apache/logging/log4j/log4j-to-slf4j/2.20.0/log4j-to-slf4j-2.20.0.jar:/home/nareash/.m2/repository/org/apache/logging/log4j/log4j-api/2.20.0/log4j-api-2.20.0.jar:/home/nareash/.m2/repository/org/slf4j/jul-to-slf4j/2.0.9/jul-to-slf4j-2.0.9.jar:/home/nareash/.m2/repository/jakarta/annotation/jakarta.annotation-api/2.1.1/jakarta.annotation-api-2.1.1.jar:/home/nareash/.m2/repository/org/springframework/spring-core/6.0.15/spring-core-6.0.15.jar:/home/nareash/.m2/repository/org/springframework/spring-jcl/6.0.15/spring-jcl-6.0.15.jar:/home/nareash/.m2/repository/org/yaml/snakeyaml/1.33/snakeyaml-1.33.jar:/home/nareash/.m2/repository/io/jsonwebtoken/jjwt/0.9.1/jjwt-0.9.1.jar:/home/nareash/.m2/repository/com/fasterxml/jackson/core/jackson-databind/2.15.3/jackson-databind-2.15.3.jar:/home/nareash/.m2/repository/com/fasterxml/jackson/core/jackson-annotations/2.15.3/jackson-annotations-2.15.3.jar:/home/nareash/.m2/repository/com/fasterxml/jackson/core/jackson-core/2.15.3/jackson-core-2.15.3.jar:/home/nareash/.m2/repository/com/mysql/mysql-connector-j/8.0.33/mysql-connector-j-8.0.33.jar:/home/nareash/.m2/repository/org/projectlombok/lombok/1.18.30/lombok-1.18.30.jar:/home/nareash/.m2/repository/org/springframework/boot/spring-boot-starter-test/3.1.7-SNAPSHOT/spring-boot-starter-test-3.1.7-SNAPSHOT.jar:/home/nareash/.m2/repository/org/springframework/boot/spring-boot-test/3.1.7-SNAPSHOT/spring-boot-test-3.1.7-SNAPSHOT.jar:/home/nareash/.m2/repository/org/springframework/boot/spring-boot-test-autoconfigure/3.1.7-SNAPSHOT/spring-boot-test-autoconfigure-3.1.7-SNAPSHOT.jar:/home/nareash/.m2/repository/com/jayway/jsonpath/json-path/2.8.0/json-path-2.8.0.jar:/home/nareash/.m2/repository/jakarta/xml/bind/jakarta.xml.bind-api/4.0.1/jakarta.xml.bind-api-4.0.1.jar:/home/nareash/.m2/repository/jakarta/activation/jakarta.activation-api/2.1.2/jakarta.activation-api-2.1.2.jar:/home/nareash/.m2/repository/net/minidev/json-smart/2.4.11/json-smart-2.4.11.jar:/home/nareash/.m2/repository/net/minidev/accessors-smart/2.4.11/accessors-smart-2.4.11.jar:/home/nareash/.m2/repository/org/ow2/asm/asm/9.3/asm-9.3.jar:/home/nareash/.m2/repository/org/assertj/assertj-core/3.24.2/assertj-core-3.24.2.jar:/home/nareash/.m2/repository/org/hamcrest/hamcrest/2.2/hamcrest-2.2.jar:/home/nareash/.m2/repository/org/junit/jupiter/junit-jupiter/5.9.3/junit-jupiter-5.9.3.jar:/home/nareash/.m2/repository/org/junit/jupiter/junit-jupiter-api/5.9.3/junit-jupiter-api-5.9.3.jar:/home/nareash/.m2/repository/org/opentest4j/opentest4j/1.2.0/opentest4j-1.2.0.jar:/home/nareash/.m2/repository/org/junit/platform/junit-platform-commons/1.9.3/junit-platform-commons-1.9.3.jar:/home/nareash/.m2/repository/org/apiguardian/apiguardian-api/1.1.2/apiguardian-api-1.1.2.jar:/home/nareash/.m2/repository/org/junit/jupiter/junit-jupiter-params/5.9.3/junit-jupiter-params-5.9.3.jar:/home/nareash/.m2/repository/org/junit/jupiter/junit-jupiter-engine/5.9.3/junit-jupiter-engine-5.9.3.jar:/home/nareash/.m2/repository/org/junit/platform/junit-platform-engine/1.9.3/junit-platform-engine-1.9.3.jar:/home/nareash/.m2/repository/org/mockito/mockito-core/5.3.1/mockito-core-5.3.1.jar:/home/nareash/.m2/repository/net/bytebuddy/byte-buddy-agent/1.14.10/byte-buddy-agent-1.14.10.jar:/home/nareash/.m2/repository/org/objenesis/objenesis/3.3/objenesis-3.3.jar:/home/nareash/.m2/repository/org/mockito/mockito-junit-jupiter/5.3.1/mockito-junit-jupiter-5.3.1.jar:/home/nareash/.m2/repository/org/skyscreamer/jsonassert/1.5.1/jsonassert-1.5.1.jar:/home/nareash/.m2/repository/com/vaadin/external/google/android-json/0.0.20131108.vaadin1/android-json-0.0.20131108.vaadin1.jar:/home/nareash/.m2/repository/org/springframework/spring-test/6.0.15/spring-test-6.0.15.jar:/home/nareash/.m2/repository/org/xmlunit/xmlunit-core/2.9.1/xmlunit-core-2.9.1.jar:/home/nareash/.m2/repository/org/springframework/security/spring-security-test/6.1.6/spring-security-test-6.1.6.jar:/home/nareash/.m2/repository/org/springframework/security/spring-security-core/6.1.6/spring-security-core-6.1.6.jar:/home/nareash/.m2/repository/org/springframework/security/spring-security-crypto/6.1.6/spring-security-crypto-6.1.6.jar:"/>
    <property name="java.vm.vendor" value="Amazon.com Inc."/>
    <property name="sun.arch.data.model" value="64"/>
    <property name="java.vendor.url" value="https://aws.amazon.com/corretto/"/>
    <property name="user.timezone" value="Asia/Colombo"/>
    <property name="org.jboss.logging.provider" value="slf4j"/>
    <property name="os.name" value="Linux"/>
    <property name="java.vm.specification.version" value="17"/>
    <property name="sun.java.launcher" value="SUN_STANDARD"/>
    <property name="user.country" value="US"/>
    <property name="sun.boot.library.path" value="/home/nareash/.jdks/corretto-17.0.9/lib"/>
    <property name="sun.java.command" value="/home/nareash/Desktop/Azure_WebApp/backend/target/surefire/surefirebooter-20231221142110431_3.jar /home/nareash/Desktop/Azure_WebApp/backend/target/surefire 2023-12-21T14-21-10_168-jvmRun1 surefire-20231221142110431_1tmp surefire_0-20231221142110431_2tmp"/>
    <property name="jdk.debug" value="release"/>
    <property name="surefire.test.class.path" value="/home/nareash/Desktop/Azure_WebApp/backend/target/test-classes:/home/nareash/Desktop/Azure_WebApp/backend/target/classes:/home/nareash/.m2/repository/org/springframework/boot/spring-boot-starter-data-jpa/3.1.7-SNAPSHOT/spring-boot-starter-data-jpa-3.1.7-SNAPSHOT.jar:/home/nareash/.m2/repository/org/springframework/boot/spring-boot-starter-aop/3.1.7-SNAPSHOT/spring-boot-starter-aop-3.1.7-SNAPSHOT.jar:/home/nareash/.m2/repository/org/aspectj/aspectjweaver/1.9.21/aspectjweaver-1.9.21.jar:/home/nareash/.m2/repository/org/springframework/boot/spring-boot-starter-jdbc/3.1.7-SNAPSHOT/spring-boot-starter-jdbc-3.1.7-SNAPSHOT.jar:/home/nareash/.m2/repository/com/zaxxer/HikariCP/5.0.1/HikariCP-5.0.1.jar:/home/nareash/.m2/repository/org/springframework/spring-jdbc/6.0.15/spring-jdbc-6.0.15.jar:/home/nareash/.m2/repository/org/hibernate/orm/hibernate-core/6.2.15.Final/hibernate-core-6.2.15.Final.jar:/home/nareash/.m2/repository/jakarta/persistence/jakarta.persistence-api/3.1.0/jakarta.persistence-api-3.1.0.jar:/home/nareash/.m2/repository/jakarta/transaction/jakarta.transaction-api/2.0.1/jakarta.transaction-api-2.0.1.jar:/home/nareash/.m2/repository/org/jboss/logging/jboss-logging/3.5.3.Final/jboss-logging-3.5.3.Final.jar:/home/nareash/.m2/repository/org/hibernate/common/hibernate-commons-annotations/6.0.6.Final/hibernate-commons-annotations-6.0.6.Final.jar:/home/nareash/.m2/repository/io/smallrye/jandex/3.0.5/jandex-3.0.5.jar:/home/nareash/.m2/repository/com/fasterxml/classmate/1.5.1/classmate-1.5.1.jar:/home/nareash/.m2/repository/net/bytebuddy/byte-buddy/1.14.10/byte-buddy-1.14.10.jar:/home/nareash/.m2/repository/org/glassfish/jaxb/jaxb-runtime/4.0.4/jaxb-runtime-4.0.4.jar:/home/nareash/.m2/repository/org/glassfish/jaxb/jaxb-core/4.0.4/jaxb-core-4.0.4.jar:/home/nareash/.m2/repository/org/eclipse/angus/angus-activation/2.0.1/angus-activation-2.0.1.jar:/home/nareash/.m2/repository/org/glassfish/jaxb/txw2/4.0.4/txw2-4.0.4.jar:/home/nareash/.m2/repository/com/sun/istack/istack-commons-runtime/4.1.2/istack-commons-runtime-4.1.2.jar:/home/nareash/.m2/repository/jakarta/inject/jakarta.inject-api/2.0.1/jakarta.inject-api-2.0.1.jar:/home/nareash/.m2/repository/org/antlr/antlr4-runtime/4.10.1/antlr4-runtime-4.10.1.jar:/home/nareash/.m2/repository/org/springframework/data/spring-data-jpa/3.1.7/spring-data-jpa-3.1.7.jar:/home/nareash/.m2/repository/org/springframework/data/spring-data-commons/3.1.7/spring-data-commons-3.1.7.jar:/home/nareash/.m2/repository/org/springframework/spring-orm/6.0.15/spring-orm-6.0.15.jar:/home/nareash/.m2/repository/org/springframework/spring-context/6.0.15/spring-context-6.0.15.jar:/home/nareash/.m2/repository/org/springframework/spring-tx/6.0.15/spring-tx-6.0.15.jar:/home/nareash/.m2/repository/org/springframework/spring-beans/6.0.15/spring-beans-6.0.15.jar:/home/nareash/.m2/repository/org/slf4j/slf4j-api/2.0.9/slf4j-api-2.0.9.jar:/home/nareash/.m2/repository/org/springframework/spring-aspects/6.0.15/spring-aspects-6.0.15.jar:/home/nareash/.m2/repository/org/springframework/boot/spring-boot-starter-web/3.1.7-SNAPSHOT/spring-boot-starter-web-3.1.7-SNAPSHOT.jar:/home/nareash/.m2/repository/org/springframework/boot/spring-boot-starter-json/3.1.7-SNAPSHOT/spring-boot-starter-json-3.1.7-SNAPSHOT.jar:/home/nareash/.m2/repository/com/fasterxml/jackson/datatype/jackson-datatype-jdk8/2.15.3/jackson-datatype-jdk8-2.15.3.jar:/home/nareash/.m2/repository/com/fasterxml/jackson/datatype/jackson-datatype-jsr310/2.15.3/jackson-datatype-jsr310-2.15.3.jar:/home/nareash/.m2/repository/com/fasterxml/jackson/module/jackson-module-parameter-names/2.15.3/jackson-module-parameter-names-2.15.3.jar:/home/nareash/.m2/repository/org/springframework/boot/spring-boot-starter-tomcat/3.1.7-SNAPSHOT/spring-boot-starter-tomcat-3.1.7-SNAPSHOT.jar:/home/nareash/.m2/repository/org/apache/tomcat/embed/tomcat-embed-core/10.1.17/tomcat-embed-core-10.1.17.jar:/home/nareash/.m2/repository/org/apache/tomcat/embed/tomcat-embed-el/10.1.17/tomcat-embed-el-10.1.17.jar:/home/nareash/.m2/repository/org/apache/tomcat/embed/tomcat-embed-websocket/10.1.17/tomcat-embed-websocket-10.1.17.jar:/home/nareash/.m2/repository/org/springframework/spring-web/6.0.15/spring-web-6.0.15.jar:/home/nareash/.m2/repository/io/micrometer/micrometer-observation/1.11.7/micrometer-observation-1.11.7.jar:/home/nareash/.m2/repository/io/micrometer/micrometer-commons/1.11.7/micrometer-commons-1.11.7.jar:/home/nareash/.m2/repository/org/springframework/spring-webmvc/6.0.15/spring-webmvc-6.0.15.jar:/home/nareash/.m2/repository/org/springframework/spring-expression/6.0.15/spring-expression-6.0.15.jar:/home/nareash/.m2/repository/org/springframework/boot/spring-boot-starter-security/3.1.7-SNAPSHOT/spring-boot-starter-security-3.1.7-SNAPSHOT.jar:/home/nareash/.m2/repository/org/springframework/spring-aop/6.0.15/spring-aop-6.0.15.jar:/home/nareash/.m2/repository/org/springframework/security/spring-security-config/6.1.6/spring-security-config-6.1.6.jar:/home/nareash/.m2/repository/org/springframework/security/spring-security-web/6.1.6/spring-security-web-6.1.6.jar:/home/nareash/.m2/repository/org/springframework/boot/spring-boot-starter/3.1.7-SNAPSHOT/spring-boot-starter-3.1.7-SNAPSHOT.jar:/home/nareash/.m2/repository/org/springframework/boot/spring-boot/3.1.7-SNAPSHOT/spring-boot-3.1.7-SNAPSHOT.jar:/home/nareash/.m2/repository/org/springframework/boot/spring-boot-autoconfigure/3.1.7-SNAPSHOT/spring-boot-autoconfigure-3.1.7-SNAPSHOT.jar:/home/nareash/.m2/repository/org/springframework/boot/spring-boot-starter-logging/3.1.7-SNAPSHOT/spring-boot-starter-logging-3.1.7-SNAPSHOT.jar:/home/nareash/.m2/repository/ch/qos/logback/logback-classic/1.4.14/logback-classic-1.4.14.jar:/home/nareash/.m2/repository/ch/qos/logback/logback-core/1.4.14/logback-core-1.4.14.jar:/home/nareash/.m2/repository/org/apache/logging/log4j/log4j-to-slf4j/2.20.0/log4j-to-slf4j-2.20.0.jar:/home/nareash/.m2/repository/org/apache/logging/log4j/log4j-api/2.20.0/log4j-api-2.20.0.jar:/home/nareash/.m2/repository/org/slf4j/jul-to-slf4j/2.0.9/jul-to-slf4j-2.0.9.jar:/home/nareash/.m2/repository/jakarta/annotation/jakarta.annotation-api/2.1.1/jakarta.annotation-api-2.1.1.jar:/home/nareash/.m2/repository/org/springframework/spring-core/6.0.15/spring-core-6.0.15.jar:/home/nareash/.m2/repository/org/springframework/spring-jcl/6.0.15/spring-jcl-6.0.15.jar:/home/nareash/.m2/repository/org/yaml/snakeyaml/1.33/snakeyaml-1.33.jar:/home/nareash/.m2/repository/io/jsonwebtoken/jjwt/0.9.1/jjwt-0.9.1.jar:/home/nareash/.m2/repository/com/fasterxml/jackson/core/jackson-databind/2.15.3/jackson-databind-2.15.3.jar:/home/nareash/.m2/repository/com/fasterxml/jackson/core/jackson-annotations/2.15.3/jackson-annotations-2.15.3.jar:/home/nareash/.m2/repository/com/fasterxml/jackson/core/jackson-core/2.15.3/jackson-core-2.15.3.jar:/home/nareash/.m2/repository/com/mysql/mysql-connector-j/8.0.33/mysql-connector-j-8.0.33.jar:/home/nareash/.m2/repository/org/projectlombok/lombok/1.18.30/lombok-1.18.30.jar:/home/nareash/.m2/repository/org/springframework/boot/spring-boot-starter-test/3.1.7-SNAPSHOT/spring-boot-starter-test-3.1.7-SNAPSHOT.jar:/home/nareash/.m2/repository/org/springframework/boot/spring-boot-test/3.1.7-SNAPSHOT/spring-boot-test-3.1.7-SNAPSHOT.jar:/home/nareash/.m2/repository/org/springframework/boot/spring-boot-test-autoconfigure/3.1.7-SNAPSHOT/spring-boot-test-autoconfigure-3.1.7-SNAPSHOT.jar:/home/nareash/.m2/repository/com/jayway/jsonpath/json-path/2.8.0/json-path-2.8.0.jar:/home/nareash/.m2/repository/jakarta/xml/bind/jakarta.xml.bind-api/4.0.1/jakarta.xml.bind-api-4.0.1.jar:/home/nareash/.m2/repository/jakarta/activation/jakarta.activation-api/2.1.2/jakarta.activation-api-2.1.2.jar:/home/nareash/.m2/repository/net/minidev/json-smart/2.4.11/json-smart-2.4.11.jar:/home/nareash/.m2/repository/net/minidev/accessors-smart/2.4.11/accessors-smart-2.4.11.jar:/home/nareash/.m2/repository/org/ow2/asm/asm/9.3/asm-9.3.jar:/home/nareash/.m2/repository/org/assertj/assertj-core/3.24.2/assertj-core-3.24.2.jar:/home/nareash/.m2/repository/org/hamcrest/hamcrest/2.2/hamcrest-2.2.jar:/home/nareash/.m2/repository/org/junit/jupiter/junit-jupiter/5.9.3/junit-jupiter-5.9.3.jar:/home/nareash/.m2/repository/org/junit/jupiter/junit-jupiter-api/5.9.3/junit-jupiter-api-5.9.3.jar:/home/nareash/.m2/repository/org/opentest4j/opentest4j/1.2.0/opentest4j-1.2.0.jar:/home/nareash/.m2/repository/org/junit/platform/junit-platform-commons/1.9.3/junit-platform-commons-1.9.3.jar:/home/nareash/.m2/repository/org/apiguardian/apiguardian-api/1.1.2/apiguardian-api-1.1.2.jar:/home/nareash/.m2/repository/org/junit/jupiter/junit-jupiter-params/5.9.3/junit-jupiter-params-5.9.3.jar:/home/nareash/.m2/repository/org/junit/jupiter/junit-jupiter-engine/5.9.3/junit-jupiter-engine-5.9.3.jar:/home/nareash/.m2/repository/org/junit/platform/junit-platform-engine/1.9.3/junit-platform-engine-1.9.3.jar:/home/nareash/.m2/repository/org/mockito/mockito-core/5.3.1/mockito-core-5.3.1.jar:/home/nareash/.m2/repository/net/bytebuddy/byte-buddy-agent/1.14.10/byte-buddy-agent-1.14.10.jar:/home/nareash/.m2/repository/org/objenesis/objenesis/3.3/objenesis-3.3.jar:/home/nareash/.m2/repository/org/mockito/mockito-junit-jupiter/5.3.1/mockito-junit-jupiter-5.3.1.jar:/home/nareash/.m2/repository/org/skyscreamer/jsonassert/1.5.1/jsonassert-1.5.1.jar:/home/nareash/.m2/repository/com/vaadin/external/google/android-json/0.0.20131108.vaadin1/android-json-0.0.20131108.vaadin1.jar:/home/nareash/.m2/repository/org/springframework/spring-test/6.0.15/spring-test-6.0.15.jar:/home/nareash/.m2/repository/org/xmlunit/xmlunit-core/2.9.1/xmlunit-core-2.9.1.jar:/home/nareash/.m2/repository/org/springframework/security/spring-security-test/6.1.6/spring-security-test-6.1.6.jar:/home/nareash/.m2/repository/org/springframework/security/spring-security-core/6.1.6/spring-security-core-6.1.6.jar:/home/nareash/.m2/repository/org/springframework/security/spring-security-crypto/6.1.6/spring-security-crypto-6.1.6.jar:"/>
    <property name="sun.cpu.endian" value="little"/>
    <property name="user.home" value="/home/nareash"/>
    <property name="user.language" value="en"/>
    <property name="java.specification.vendor" value="Oracle Corporation"/>
    <property name="java.version.date" value="2023-10-17"/>
    <property name="java.home" value="/home/nareash/.jdks/corretto-17.0.9"/>
    <property name="file.separator" value="/"/>
    <property name="basedir" value="/home/nareash/Desktop/Azure_WebApp/backend"/>
    <property name="java.vm.compressedOopsMode" value="Zero based"/>
    <property name="line.separator" value="&#10;"/>
    <property name="java.specification.name" value="Java Platform API Specification"/>
    <property name="java.vm.specification.vendor" value="Oracle Corporation"/>
    <property name="FILE_LOG_CHARSET" value="UTF-8"/>
    <property name="java.awt.headless" value="true"/>
    <property name="surefire.real.class.path" value="/home/nareash/Desktop/Azure_WebApp/backend/target/surefire/surefirebooter-20231221142110431_3.jar"/>
    <property name="sun.management.compiler" value="HotSpot 64-Bit Tiered Compilers"/>
    <property name="java.runtime.version" value="17.0.9+8-LTS"/>
    <property name="user.name" value="nareash"/>
    <property name="path.separator" value=":"/>
    <property name="os.version" value="6.2.0-39-generic"/>
    <property name="java.runtime.name" value="OpenJDK Runtime Environment"/>
    <property name="file.encoding" value="UTF-8"/>
    <property name="java.vm.name" value="OpenJDK 64-Bit Server VM"/>
    <property name="java.vendor.version" value="Corretto-17.0.9.8.1"/>
    <property name="localRepository" value="/home/nareash/.m2/repository"/>
    <property name="java.vendor.url.bug" value="https://github.com/corretto/corretto-17/issues/"/>
    <property name="java.io.tmpdir" value="/tmp"/>
    <property name="idea.version" value="2023.3.1"/>
    <property name="com.zaxxer.hikari.pool_number" value="1"/>
    <property name="java.version" value="17.0.9"/>
    <property name="user.dir" value="/home/nareash/Desktop/Azure_WebApp/backend"/>
    <property name="os.arch" value="amd64"/>
    <property name="java.vm.specification.name" value="Java Virtual Machine Specification"/>
    <property name="PID" value="92164"/>
    <property name="CONSOLE_LOG_CHARSET" value="UTF-8"/>
    <property name="native.encoding" value="UTF-8"/>
    <property name="java.library.path" value="/usr/java/packages/lib:/usr/lib64:/lib64:/lib:/usr/lib"/>
    <property name="java.vm.info" value="mixed mode, sharing"/>
    <property name="java.vendor" value="Amazon.com Inc."/>
    <property name="java.vm.version" value="17.0.9+8-LTS"/>
    <property name="sun.io.unicode.encoding" value="UnicodeLittle"/>
    <property name="java.class.version" value="61.0"/>
  </properties>
  <testcase name="contextLoads" classname="com.example.Demo.DemoBackendApplicationTests" time="1.663">
    <system-out><![CDATA[14:21:12.790 [main] INFO org.springframework.test.context.support.AnnotationConfigContextLoaderUtils -- Could not detect default configuration classes for test class [com.example.Demo.DemoBackendApplicationTests]: DemoBackendApplicationTests does not declare any static, non-private, non-final, nested classes annotated with @Configuration.
14:21:13.077 [main] INFO org.springframework.boot.test.context.SpringBootTestContextBootstrapper -- Found @SpringBootConfiguration com.example.Demo.DemoBackendApplication for test class com.example.Demo.DemoBackendApplicationTests

  .   ____          _            __ _ _
 /\\ / ___'_ __ _ _(_)_ __  __ _ \ \ \ \
( ( )\___ | '_ | '_| | '_ \/ _` | \ \ \ \
 \\/  ___)| |_)| | | | | || (_| |  ) ) ) )
  '  |____| .__|_| |_|_| |_\__, | / / / /
 =========|_|==============|___/=/_/_/_/
 :: Spring Boot ::       (v3.1.7-SNAPSHOT)

2023-12-21T14:21:14.466+05:30  INFO 92164 --- [           main] c.e.Demo.DemoBackendApplicationTests     : Starting DemoBackendApplicationTests using Java 17.0.9 with PID 92164 (started by nareash in /home/nareash/Desktop/Azure_WebApp/backend)
2023-12-21T14:21:14.472+05:30  INFO 92164 --- [           main] c.e.Demo.DemoBackendApplicationTests     : No active profile set, falling back to 1 default profile: "default"
2023-12-21T14:21:16.824+05:30  INFO 92164 --- [           main] .s.d.r.c.RepositoryConfigurationDelegate : Bootstrapping Spring Data JPA repositories in DEFAULT mode.
2023-12-21T14:21:17.032+05:30  INFO 92164 --- [           main] .s.d.r.c.RepositoryConfigurationDelegate : Finished Spring Data repository scanning in 177 ms. Found 1 JPA repository interface.
2023-12-21T14:21:18.820+05:30  INFO 92164 --- [           main] o.hibernate.jpa.internal.util.LogHelper  : HHH000204: Processing PersistenceUnitInfo [name: default]
2023-12-21T14:21:18.989+05:30  INFO 92164 --- [           main] org.hibernate.Version                    : HHH000412: Hibernate ORM core version 6.2.15.Final
2023-12-21T14:21:18.998+05:30  INFO 92164 --- [           main] org.hibernate.cfg.Environment            : HHH000406: Using bytecode reflection optimizer
2023-12-21T14:21:20.036+05:30  INFO 92164 --- [           main] o.s.o.j.p.SpringPersistenceUnitInfo      : No LoadTimeWeaver setup: ignoring JPA class transformer
2023-12-21T14:21:20.173+05:30  INFO 92164 --- [           main] com.zaxxer.hikari.HikariDataSource       : HikariPool-1 - Starting...
2023-12-21T14:21:20.882+05:30  INFO 92164 --- [           main] com.zaxxer.hikari.pool.HikariPool        : HikariPool-1 - Added connection com.mysql.cj.jdbc.ConnectionImpl@1132baa3
2023-12-21T14:21:20.888+05:30  INFO 92164 --- [           main] com.zaxxer.hikari.HikariDataSource       : HikariPool-1 - Start completed.
2023-12-21T14:21:21.081+05:30  WARN 92164 --- [           main] org.hibernate.dialect.Dialect            : HHH000511: The 5.5.0 version for [org.hibernate.dialect.MySQLDialect] is no longer supported, hence certain features may not work properly. The minimum supported version is 5.7.0. Check the community dialects project for available legacy versions.
2023-12-21T14:21:23.624+05:30  INFO 92164 --- [           main] o.h.e.t.j.p.i.JtaPlatformInitiator       : HHH000489: No JTA platform available (set 'hibernate.transaction.jta.platform' to enable JTA platform integration)
2023-12-21T14:21:23.713+05:30  INFO 92164 --- [           main] j.LocalContainerEntityManagerFactoryBean : Initialized JPA EntityManagerFactory for persistence unit 'default'
2023-12-21T14:21:24.782+05:30  WARN 92164 --- [           main] JpaBaseConfiguration$JpaWebConfiguration : spring.jpa.open-in-view is enabled by default. Therefore, database queries may be performed during view rendering. Explicitly configure spring.jpa.open-in-view to disable this warning
2023-12-21T14:21:24.859+05:30  WARN 92164 --- [           main] o.s.security.core.userdetails.User       : User.withDefaultPasswordEncoder() is considered unsafe for production and is only intended for sample applications.
2023-12-21T14:21:26.545+05:30  INFO 92164 --- [           main] o.s.s.web.DefaultSecurityFilterChain     : Will secure any request with [org.springframework.security.web.session.DisableEncodeUrlFilter@74f92d14, org.springframework.security.web.context.request.async.WebAsyncManagerIntegrationFilter@40071890, org.springframework.security.web.context.SecurityContextHolderFilter@4a36a35d, org.springframework.security.web.header.HeaderWriterFilter@606f0f70, org.springframework.security.web.csrf.CsrfFilter@6d7772d3, org.springframework.security.web.authentication.logout.LogoutFilter@64df8422, org.springframework.security.web.authentication.UsernamePasswordAuthenticationFilter@7e36d508, org.springframework.security.web.savedrequest.RequestCacheAwareFilter@558ed473, org.springframework.security.web.servletapi.SecurityContextHolderAwareRequestFilter@e2498a3, org.springframework.security.web.authentication.AnonymousAuthenticationFilter@748aa7dc, org.springframework.security.web.access.ExceptionTranslationFilter@46c475ba, org.springframework.security.web.access.intercept.AuthorizationFilter@6166aac5]
2023-12-21T14:21:27.621+05:30  INFO 92164 --- [           main] c.e.Demo.DemoBackendApplicationTests     : Started DemoBackendApplicationTests in 14.084 seconds (process running for 17.012)
Hibernate: select next_val as id_val from user_seq for update
Hibernate: update user_seq set next_val= ? where next_val=?
Hibernate: insert into user (email,name,userid) values (?,?,?)
2023-12-21T14:21:27.924+05:30  INFO 92164 --- [           main] com.example.Demo.LoadDatabase            : Preloading User{userID=1502, name='Nareash', email='vnareashkaan@gmail.com'}
Hibernate: insert into user (email,name,userid) values (?,?,?)
2023-12-21T14:21:27.937+05:30  INFO 92164 --- [           main] com.example.Demo.LoadDatabase            : Preloading User{userID=1503, name='Dhatchaya', email='dhatchaya2000@gmail.com'}
]]></system-out>
  </testcase>
</testsuite>